# JRE version: Java(TM) SE Runtime Environment 18.9 (11.0.13+10) (build 11.0.13+10-LTS-370)
# Java VM: Java HotSpot(TM) 64-Bit Server VM 18.9 (11.0.13+10-LTS-370, mixed mode, tiered, compressed oops, g1 gc, windows-amd64)
Heap:
 garbage-first heap   total 157696K, used 11735K [0x0000000080000000, 0x0000000100000000)
  region size 1024K, 10 young (10240K), 10 survivors (10240K)
 Metaspace       used 20897K, capacity 21193K, committed 21248K, reserved 1069056K
  class space    used 2147K, capacity 2256K, committed 2304K, reserved 1048576K
GC Heap History (10 events):
Event: 1.161 GC heap after
{Heap after GC invocations=1 (full 0):
 garbage-first heap   total 131072K, used 1722K [0x0000000080000000, 0x0000000100000000)
  region size 1024K, 1 young (1024K), 1 survivors (1024K)
 Metaspace       used 7831K, capacity 7998K, committed 8320K, reserved 1056768K
  class space    used 679K, capacity 772K, committed 896K, reserved 1048576K
}
Event: 1.521 GC heap before
{Heap before GC invocations=1 (full 0):
 garbage-first heap   total 131072K, used 6842K [0x0000000080000000, 0x0000000100000000)
  region size 1024K, 6 young (6144K), 1 survivors (1024K)
 Metaspace       used 10332K, capacity 10505K, committed 10624K, reserved 1058816K
  class space    used 963K, capacity 1056K, committed 1152K, reserved 1048576K
}
Event: 1.527 GC heap after
{Heap after GC invocations=2 (full 0):
 garbage-first heap   total 131072K, used 2664K [0x0000000080000000, 0x0000000100000000)
  region size 1024K, 1 young (1024K), 1 survivors (1024K)
 Metaspace       used 10332K, capacity 10505K, committed 10624K, reserved 1058816K
  class space    used 963K, capacity 1056K, committed 1152K, reserved 1048576K
}
Event: 2.054 GC heap before
{Heap before GC invocations=2 (full 0):
 garbage-first heap   total 131072K, used 15976K [0x0000000080000000, 0x0000000100000000)
  region size 1024K, 14 young (14336K), 1 survivors (1024K)
 Metaspace       used 12523K, capacity 12725K, committed 12928K, reserved 1060864K
  class space    used 1255K, capacity 1348K, committed 1408K, reserved 1048576K
}
Event: 2.059 GC heap after
{Heap after GC invocations=3 (full 0):
 garbage-first heap   total 131072K, used 3205K [0x0000000080000000, 0x0000000100000000)
  region size 1024K, 2 young (2048K), 2 survivors (2048K)
 Metaspace       used 12523K, capacity 12725K, committed 12928K, reserved 1060864K
  class space    used 1255K, capacity 1348K, committed 1408K, reserved 1048576K
}
Event: 2.669 GC heap before
{Heap before GC invocations=3 (full 0):
 garbage-first heap   total 131072K, used 22661K [0x0000000080000000, 0x0000000100000000)
  region size 1024K, 21 young (21504K), 2 survivors (2048K)
 Metaspace       used 14710K, capacity 14902K, committed 15232K, reserved 1062912K
  class space    used 1513K, capacity 1579K, committed 1664K, reserved 1048576K
}
Event: 2.676 GC heap after
{Heap after GC invocations=4 (full 0):
 garbage-first heap   total 131072K, used 3907K [0x0000000080000000, 0x0000000100000000)
  region size 1024K, 3 young (3072K), 3 survivors (3072K)
 Metaspace       used 14710K, capacity 14902K, committed 15232K, reserved 1062912K
  class space    used 1513K, capacity 1579K, committed 1664K, reserved 1048576K
}
Event: 4.450 GC heap before
{Heap before GC invocations=4 (full 0):
 garbage-first heap   total 131072K, used 38723K [0x0000000080000000, 0x0000000100000000)
  region size 1024K, 37 young (37888K), 3 survivors (3072K)
 Metaspace       used 19881K, capacity 20181K, committed 20480K, reserved 1067008K
  class space    used 2098K, capacity 2218K, committed 2304K, reserved 1048576K
}
Event: 4.470 GC heap after
{Heap after GC invocations=5 (full 0):
 garbage-first heap   total 131072K, used 7210K [0x0000000080000000, 0x0000000100000000)
  region size 1024K, 5 young (5120K), 5 survivors (5120K)
 Metaspace       used 19881K, capacity 20181K, committed 20480K, reserved 1067008K
  class space    used 2098K, capacity 2218K, committed 2304K, reserved 1048576K
}
Event: 5.782 GC heap before
{Heap before GC invocations=5 (full 0):
 garbage-first heap   total 131072K, used 57386K [0x0000000080000000, 0x0000000100000000)
  region size 1024K, 55 young (56320K), 5 survivors (5120K)
 Metaspace       used 20897K, capacity 21193K, committed 21248K, reserved 1069056K
  class space    used 2147K, capacity 2256K, committed 2304K, reserved 1048576K
}

