# JRE version: Java(TM) SE Runtime Environment 18.9 (11.0.13+10) (build 11.0.13+10-LTS-370)
# Java VM: Java HotSpot(TM) 64-Bit Server VM 18.9 (11.0.13+10-LTS-370, mixed mode, tiered, compressed oops, g1 gc, windows-amd64)
Heap:
 garbage-first heap   total 131072K, used 28836K [0x0000000080000000, 0x0000000100000000)
  region size 1024K, 25 young (25600K), 5 survivors (5120K)
 Metaspace       used 20655K, capacity 20995K, committed 21248K, reserved 1069056K
  class space    used 2135K, capacity 2254K, committed 2304K, reserved 1048576K
GC Heap History (6 events):
Event: 0.592 GC heap before
{Heap before GC invocations=0 (full 0):
 garbage-first heap   total 131072K, used 6144K [0x0000000080000000, 0x0000000100000000)
  region size 1024K, 7 young (7168K), 0 survivors (0K)
 Metaspace       used 7814K, capacity 7966K, committed 8192K, reserved 1056768K
  class space    used 675K, capacity 740K, committed 768K, reserved 1048576K
}
Event: 0.597 GC heap after
{Heap after GC invocations=1 (full 0):
 garbage-first heap   total 131072K, used 1680K [0x0000000080000000, 0x0000000100000000)
  region size 1024K, 1 young (1024K), 1 survivors (1024K)
 Metaspace       used 7814K, capacity 7966K, committed 8192K, reserved 1056768K
  class space    used 675K, capacity 740K, committed 768K, reserved 1048576K
}
Event: 3.206 GC heap before
{Heap before GC invocations=1 (full 0):
 garbage-first heap   total 131072K, used 58000K [0x0000000080000000, 0x0000000100000000)
  region size 1024K, 56 young (57344K), 1 survivors (1024K)
 Metaspace       used 18058K, capacity 18336K, committed 18560K, reserved 1064960K
  class space    used 1941K, capacity 2078K, committed 2176K, reserved 1048576K
}
Event: 3.224 GC heap after
{Heap after GC invocations=2 (full 0):
 garbage-first heap   total 131072K, used 5163K [0x0000000080000000, 0x0000000100000000)
  region size 1024K, 5 young (5120K), 5 survivors (5120K)
 Metaspace       used 18058K, capacity 18336K, committed 18560K, reserved 1064960K
  class space    used 1941K, capacity 2078K, committed 2176K, reserved 1048576K
}
Event: 4.468 GC heap before
{Heap before GC invocations=2 (full 0):
 garbage-first heap   total 131072K, used 37931K [0x0000000080000000, 0x0000000100000000)
  region size 1024K, 37 young (37888K), 5 survivors (5120K)
 Metaspace       used 20431K, capacity 20725K, committed 20992K, reserved 1069056K
  class space    used 2132K, capacity 2250K, committed 2304K, reserved 1048576K
}
Event: 4.498 GC heap after
{Heap after GC invocations=3 (full 0):
 garbage-first heap   total 131072K, used 9380K [0x0000000080000000, 0x0000000100000000)
  region size 1024K, 5 young (5120K), 5 survivors (5120K)
 Metaspace       used 20431K, capacity 20725K, committed 20992K, reserved 1069056K
  class space    used 2132K, capacity 2250K, committed 2304K, reserved 1048576K
}

