# JRE version: Java(TM) SE Runtime Environment 18.9 (11.0.13+10) (build 11.0.13+10-LTS-370)
# Java VM: Java HotSpot(TM) 64-Bit Server VM 18.9 (11.0.13+10-LTS-370, mixed mode, tiered, compressed oops, g1 gc, windows-amd64)
Heap:
 garbage-first heap   total 157696K, used 12099K [0x0000000080000000, 0x0000000100000000)
  region size 1024K, 1 young (1024K), 1 survivors (1024K)
 Metaspace       used 20897K, capacity 21193K, committed 21248K, reserved 1069056K
  class space    used 2142K, capacity 2256K, committed 2304K, reserved 1048576K
GC Heap History (9 events):
Event: 0.607 GC heap before
{Heap before GC invocations=0 (full 0):
 garbage-first heap   total 131072K, used 6144K [0x0000000080000000, 0x0000000100000000)
  region size 1024K, 7 young (7168K), 0 survivors (0K)
 Metaspace       used 7812K, capacity 7966K, committed 8192K, reserved 1056768K
  class space    used 675K, capacity 740K, committed 768K, reserved 1048576K
}
Event: 0.612 GC heap after
{Heap after GC invocations=1 (full 0):
 garbage-first heap   total 131072K, used 1676K [0x0000000080000000, 0x0000000100000000)
  region size 1024K, 1 young (1024K), 1 survivors (1024K)
 Metaspace       used 7812K, capacity 7966K, committed 8192K, reserved 1056768K
  class space    used 675K, capacity 740K, committed 768K, reserved 1048576K
}
Event: 4.019 GC heap before
{Heap before GC invocations=1 (full 0):
 garbage-first heap   total 131072K, used 62092K [0x0000000080000000, 0x0000000100000000)
  region size 1024K, 60 young (61440K), 1 survivors (1024K)
 Metaspace       used 18915K, capacity 19269K, committed 19328K, reserved 1067008K
  class space    used 2027K, capacity 2149K, committed 2176K, reserved 1048576K
}
Event: 4.038 GC heap after
{Heap after GC invocations=2 (full 0):
 garbage-first heap   total 131072K, used 5637K [0x0000000080000000, 0x0000000100000000)
  region size 1024K, 5 young (5120K), 5 survivors (5120K)
 Metaspace       used 18915K, capacity 19269K, committed 19328K, reserved 1067008K
  class space    used 2027K, capacity 2149K, committed 2176K, reserved 1048576K
}
Event: 6.231 GC heap before
{Heap before GC invocations=2 (full 0):
 garbage-first heap   total 131072K, used 26117K [0x0000000080000000, 0x0000000100000000)
  region size 1024K, 25 young (25600K), 5 survivors (5120K)
 Metaspace       used 20251K, capacity 20565K, committed 20736K, reserved 1067008K
  class space    used 2119K, capacity 2218K, committed 2304K, reserved 1048576K
}
Event: 6.268 GC heap after
{Heap after GC invocations=3 (full 0):
 garbage-first heap   total 131072K, used 8450K [0x0000000080000000, 0x0000000100000000)
  region size 1024K, 3 young (3072K), 3 survivors (3072K)
 Metaspace       used 20251K, capacity 20565K, committed 20736K, reserved 1067008K
  class space    used 2119K, capacity 2218K, committed 2304K, reserved 1048576K
}
Event: 6.856 GC heap before
{Heap before GC invocations=3 (full 0):
 garbage-first heap   total 131072K, used 36098K [0x0000000080000000, 0x0000000100000000)
  region size 1024K, 30 young (30720K), 3 survivors (3072K)
 Metaspace       used 20627K, capacity 20931K, committed 20992K, reserved 1069056K
  class space    used 2136K, capacity 2254K, committed 2304K, reserved 1048576K
}
Event: 6.874 GC heap after
{Heap after GC invocations=4 (full 0):
 garbage-first heap   total 131072K, used 11469K [0x0000000080000000, 0x0000000100000000)
  region size 1024K, 3 young (3072K), 3 survivors (3072K)
 Metaspace       used 20627K, capacity 20931K, committed 20992K, reserved 1069056K
  class space    used 2136K, capacity 2254K, committed 2304K, reserved 1048576K
}
Event: 7.163 GC heap before
{Heap before GC invocations=4 (full 0):
 garbage-first heap   total 131072K, used 25805K [0x0000000080000000, 0x0000000100000000)
  region size 1024K, 18 young (18432K), 3 survivors (3072K)
 Metaspace       used 20897K, capacity 21193K, committed 21248K, reserved 1069056K
  class space    used 2142K, capacity 2256K, committed 2304K, reserved 1048576K
}

